02:59:15.525 INFO  vert.x-eventloop-thread-0 BaseServiceProxy     : -> GET /sso/ping,200|746ms
02:59:15.527 INFO  vert.x-eventloop-thread-0 SsoService           : sso ping {"result": "false"}
09:30:29.631 ERROR vert.x-eventloop-thread-0 ConnectionBase       : java.io.IOException: Operation timed out
09:30:29.637 ERROR vert.x-eventloop-thread-0 BaseServiceProxy     : request failed Operation timed out
java.io.IOException: Operation timed out
	at java.base/sun.nio.ch.SocketDispatcher.read0(Native Method)
	at java.base/sun.nio.ch.SocketDispatcher.read(SocketDispatcher.java:48)
	at java.base/sun.nio.ch.IOUtil.readIntoNativeBuffer(IOUtil.java:341)
	at java.base/sun.nio.ch.IOUtil.read(IOUtil.java:295)
	at java.base/sun.nio.ch.IOUtil.read(IOUtil.java:270)
	at java.base/sun.nio.ch.SocketChannelImpl.implRead(SocketChannelImpl.java:422)
	at java.base/sun.nio.ch.SocketChannelImpl.read(SocketChannelImpl.java:489)
	at io.netty.buffer.PooledUnsafeDirectByteBuf.setBytes(PooledUnsafeDirectByteBuf.java:288)
	at io.netty.buffer.AbstractByteBuf.writeBytes(AbstractByteBuf.java:1106)
	at io.netty.channel.socket.nio.NioSocketChannel.doReadBytes(NioSocketChannel.java:373)
	at io.netty.channel.nio.AbstractNioByteChannel$NioByteUnsafe.read(AbstractNioByteChannel.java:123)
	at io.netty.channel.nio.NioEventLoop.processSelectedKey(NioEventLoop.java:645)
	at io.netty.channel.nio.NioEventLoop.processSelectedKeysPlain(NioEventLoop.java:545)
	at io.netty.channel.nio.NioEventLoop.processSelectedKeys(NioEventLoop.java:499)
	at io.netty.channel.nio.NioEventLoop.run(NioEventLoop.java:459)
	at io.netty.util.concurrent.SingleThreadEventExecutor$5.run(SingleThreadEventExecutor.java:858)
	at java.base/java.lang.Thread.run(Thread.java:1474)
11:30:34.411 INFO  vert.x-eventloop-thread-0 BaseServiceProxy     : -> GET /sso/ping,200|913ms
11:30:34.413 INFO  vert.x-eventloop-thread-0 SsoService           : sso ping {"result": "false"}
14:24:38.013 ERROR vert.x-eventloop-thread-0 ConnectionBase       : java.io.IOException: Can't assign requested address
14:24:38.016 ERROR vert.x-eventloop-thread-0 BaseServiceProxy     : request failed Can't assign requested address
java.io.IOException: Can't assign requested address
	at java.base/sun.nio.ch.SocketDispatcher.read0(Native Method)
	at java.base/sun.nio.ch.SocketDispatcher.read(SocketDispatcher.java:48)
	at java.base/sun.nio.ch.IOUtil.readIntoNativeBuffer(IOUtil.java:341)
	at java.base/sun.nio.ch.IOUtil.read(IOUtil.java:295)
	at java.base/sun.nio.ch.IOUtil.read(IOUtil.java:270)
	at java.base/sun.nio.ch.SocketChannelImpl.implRead(SocketChannelImpl.java:422)
	at java.base/sun.nio.ch.SocketChannelImpl.read(SocketChannelImpl.java:489)
	at io.netty.buffer.PooledUnsafeDirectByteBuf.setBytes(PooledUnsafeDirectByteBuf.java:288)
	at io.netty.buffer.AbstractByteBuf.writeBytes(AbstractByteBuf.java:1106)
	at io.netty.channel.socket.nio.NioSocketChannel.doReadBytes(NioSocketChannel.java:373)
	at io.netty.channel.nio.AbstractNioByteChannel$NioByteUnsafe.read(AbstractNioByteChannel.java:123)
	at io.netty.channel.nio.NioEventLoop.processSelectedKey(NioEventLoop.java:645)
	at io.netty.channel.nio.NioEventLoop.processSelectedKeysPlain(NioEventLoop.java:545)
	at io.netty.channel.nio.NioEventLoop.processSelectedKeys(NioEventLoop.java:499)
	at io.netty.channel.nio.NioEventLoop.run(NioEventLoop.java:459)
	at io.netty.util.concurrent.SingleThreadEventExecutor$5.run(SingleThreadEventExecutor.java:858)
	at java.base/java.lang.Thread.run(Thread.java:1474)
16:38:04.449 ERROR vert.x-eventloop-thread-0 BaseServiceProxy     : request failed api.ibkr.com: nodename nor servname provided, or not known
java.net.UnknownHostException: api.ibkr.com: nodename nor servname provided, or not known
	at java.base/java.net.Inet4AddressImpl.lookupAllHostAddr(Native Method)
	at java.base/java.net.Inet4AddressImpl.lookupAllHostAddr(Inet4AddressImpl.java:45)
	at java.base/java.net.InetAddress$PlatformResolver.lookupByName(InetAddress.java:1134)
	at java.base/java.net.InetAddress.getAddressesFromNameService(InetAddress.java:1712)
	at java.base/java.net.InetAddress$NameServiceAddresses.get(InetAddress.java:1060)
	at java.base/java.net.InetAddress.getAllByName0(InetAddress.java:1702)
	at java.base/java.net.InetAddress.getAllByName(InetAddress.java:1582)
	at java.base/java.net.InetAddress.getByName(InetAddress.java:1492)
	at io.netty.util.internal.SocketUtils$8.run(SocketUtils.java:146)
	at io.netty.util.internal.SocketUtils$8.run(SocketUtils.java:143)
	at java.base/java.security.AccessController.doPrivileged(AccessController.java:251)
	at io.netty.util.internal.SocketUtils.addressByName(SocketUtils.java:143)
	at io.netty.resolver.DefaultNameResolver.doResolve(DefaultNameResolver.java:43)
	at io.netty.resolver.SimpleNameResolver.resolve(SimpleNameResolver.java:63)
	at io.netty.resolver.SimpleNameResolver.resolve(SimpleNameResolver.java:55)
	at io.netty.resolver.InetSocketAddressResolver.doResolve(InetSocketAddressResolver.java:57)
	at io.netty.resolver.InetSocketAddressResolver.doResolve(InetSocketAddressResolver.java:32)
	at io.netty.resolver.AbstractAddressResolver.resolve(AbstractAddressResolver.java:108)
	at io.netty.bootstrap.Bootstrap.doResolveAndConnect0(Bootstrap.java:208)
	at io.netty.bootstrap.Bootstrap.doResolveAndConnect(Bootstrap.java:170)
	at io.netty.bootstrap.Bootstrap.connect(Bootstrap.java:145)
	at io.vertx.core.net.impl.ChannelProvider.connect(ChannelProvider.java:38)
	at io.vertx.core.http.impl.ConnectionManager$ChannelConnector.connect(ConnectionManager.java:537)
	at io.vertx.core.http.impl.ConnectionManager$ConnQueue.createNewConnection(ConnectionManager.java:294)
	at io.vertx.core.http.impl.ConnectionManager$ConnQueue.getConnection(ConnectionManager.java:237)
	at io.vertx.core.http.impl.ConnectionManager.getConnectionForRequest(ConnectionManager.java:171)
	at io.vertx.core.http.impl.HttpClientImpl.getConnectionForRequest(HttpClientImpl.java:950)
	at io.vertx.core.http.impl.HttpClientRequestImpl.connect(HttpClientRequestImpl.java:745)
	at io.vertx.core.http.impl.HttpClientRequestImpl.write(HttpClientRequestImpl.java:867)
	at io.vertx.core.http.impl.HttpClientRequestImpl.end(HttpClientRequestImpl.java:358)
	at ibgroup.web.core.clientportal.gw.services.SsoService.tickleSession(SsoService.java:255)
	at ibgroup.web.core.clientportal.gw.services.SsoService.onTimerEvent(SsoService.java:100)
	at io.vertx.core.impl.VertxImpl$InternalTimerHandler.handle(VertxImpl.java:870)
	at io.vertx.core.impl.VertxImpl$InternalTimerHandler.handle(VertxImpl.java:829)
	at io.vertx.core.impl.ContextImpl.lambda$wrapTask$2(ContextImpl.java:344)
	at io.netty.util.concurrent.AbstractEventExecutor.safeExecute(AbstractEventExecutor.java:163)
	at io.netty.util.concurrent.SingleThreadEventExecutor.runAllTasks(SingleThreadEventExecutor.java:403)
	at io.netty.channel.nio.NioEventLoop.run(NioEventLoop.java:463)
	at io.netty.util.concurrent.SingleThreadEventExecutor$5.run(SingleThreadEventExecutor.java:858)
	at java.base/java.lang.Thread.run(Thread.java:1474)
20:57:39.049 ERROR vert.x-eventloop-thread-0 BaseServiceProxy     : request failed api.ibkr.com: nodename nor servname provided, or not known
java.net.UnknownHostException: api.ibkr.com: nodename nor servname provided, or not known
	at java.base/java.net.Inet4AddressImpl.lookupAllHostAddr(Native Method)
	at java.base/java.net.Inet4AddressImpl.lookupAllHostAddr(Inet4AddressImpl.java:45)
	at java.base/java.net.InetAddress$PlatformResolver.lookupByName(InetAddress.java:1134)
	at java.base/java.net.InetAddress.getAddressesFromNameService(InetAddress.java:1712)
	at java.base/java.net.InetAddress$NameServiceAddresses.get(InetAddress.java:1060)
	at java.base/java.net.InetAddress.getAllByName0(InetAddress.java:1702)
	at java.base/java.net.InetAddress.getAllByName(InetAddress.java:1582)
	at java.base/java.net.InetAddress.getByName(InetAddress.java:1492)
	at io.netty.util.internal.SocketUtils$8.run(SocketUtils.java:146)
	at io.netty.util.internal.SocketUtils$8.run(SocketUtils.java:143)
	at java.base/java.security.AccessController.doPrivileged(AccessController.java:251)
	at io.netty.util.internal.SocketUtils.addressByName(SocketUtils.java:143)
	at io.netty.resolver.DefaultNameResolver.doResolve(DefaultNameResolver.java:43)
	at io.netty.resolver.SimpleNameResolver.resolve(SimpleNameResolver.java:63)
	at io.netty.resolver.SimpleNameResolver.resolve(SimpleNameResolver.java:55)
	at io.netty.resolver.InetSocketAddressResolver.doResolve(InetSocketAddressResolver.java:57)
	at io.netty.resolver.InetSocketAddressResolver.doResolve(InetSocketAddressResolver.java:32)
	at io.netty.resolver.AbstractAddressResolver.resolve(AbstractAddressResolver.java:108)
	at io.netty.bootstrap.Bootstrap.doResolveAndConnect0(Bootstrap.java:208)
	at io.netty.bootstrap.Bootstrap.doResolveAndConnect(Bootstrap.java:170)
	at io.netty.bootstrap.Bootstrap.connect(Bootstrap.java:145)
	at io.vertx.core.net.impl.ChannelProvider.connect(ChannelProvider.java:38)
	at io.vertx.core.http.impl.ConnectionManager$ChannelConnector.connect(ConnectionManager.java:537)
	at io.vertx.core.http.impl.ConnectionManager$ConnQueue.createNewConnection(ConnectionManager.java:294)
	at io.vertx.core.http.impl.ConnectionManager$ConnQueue.getConnection(ConnectionManager.java:237)
	at io.vertx.core.http.impl.ConnectionManager.getConnectionForRequest(ConnectionManager.java:171)
	at io.vertx.core.http.impl.HttpClientImpl.getConnectionForRequest(HttpClientImpl.java:950)
	at io.vertx.core.http.impl.HttpClientRequestImpl.connect(HttpClientRequestImpl.java:745)
	at io.vertx.core.http.impl.HttpClientRequestImpl.write(HttpClientRequestImpl.java:867)
	at io.vertx.core.http.impl.HttpClientRequestImpl.end(HttpClientRequestImpl.java:358)
	at ibgroup.web.core.clientportal.gw.services.SsoService.tickleSession(SsoService.java:255)
	at ibgroup.web.core.clientportal.gw.services.SsoService.onTimerEvent(SsoService.java:100)
	at io.vertx.core.impl.VertxImpl$InternalTimerHandler.handle(VertxImpl.java:870)
	at io.vertx.core.impl.VertxImpl$InternalTimerHandler.handle(VertxImpl.java:829)
	at io.vertx.core.impl.ContextImpl.lambda$wrapTask$2(ContextImpl.java:344)
	at io.netty.util.concurrent.AbstractEventExecutor.safeExecute(AbstractEventExecutor.java:163)
	at io.netty.util.concurrent.SingleThreadEventExecutor.runAllTasks(SingleThreadEventExecutor.java:403)
	at io.netty.channel.nio.NioEventLoop.run(NioEventLoop.java:463)
	at io.netty.util.concurrent.SingleThreadEventExecutor$5.run(SingleThreadEventExecutor.java:858)
	at java.base/java.lang.Thread.run(Thread.java:1474)
22:45:59.475 INFO  vert.x-eventloop-thread-0 BaseServiceProxy     : -> GET /sso/ping,200|371ms
22:45:59.477 INFO  vert.x-eventloop-thread-0 SsoService           : sso ping {"result": "false"}
23:59:33.773 ERROR vert.x-eventloop-thread-0 ConnectionBase       : java.net.SocketException: Connection reset
