00:15:36.320 ERROR vert.x-eventloop-thread-0 ConnectionBase       : java.net.SocketException: Connection reset
00:15:36.337 ERROR vert.x-eventloop-thread-0 BaseServiceProxy     : request failed Connection reset
java.net.SocketException: Connection reset
	at java.base/sun.nio.ch.SocketChannelImpl.throwConnectionReset(SocketChannelImpl.java:399)
	at java.base/sun.nio.ch.SocketChannelImpl.implRead(SocketChannelImpl.java:431)
	at java.base/sun.nio.ch.SocketChannelImpl.read(SocketChannelImpl.java:489)
	at io.netty.buffer.PooledUnsafeDirectByteBuf.setBytes(PooledUnsafeDirectByteBuf.java:288)
	at io.netty.buffer.AbstractByteBuf.writeBytes(AbstractByteBuf.java:1106)
	at io.netty.channel.socket.nio.NioSocketChannel.doReadBytes(NioSocketChannel.java:373)
	at io.netty.channel.nio.AbstractNioByteChannel$NioByteUnsafe.read(AbstractNioByteChannel.java:123)
	at io.netty.channel.nio.NioEventLoop.processSelectedKey(NioEventLoop.java:645)
	at io.netty.channel.nio.NioEventLoop.processSelectedKeysPlain(NioEventLoop.java:545)
	at io.netty.channel.nio.NioEventLoop.processSelectedKeys(NioEventLoop.java:499)
	at io.netty.channel.nio.NioEventLoop.run(NioEventLoop.java:459)
	at io.netty.util.concurrent.SingleThreadEventExecutor$5.run(SingleThreadEventExecutor.java:858)
	at java.base/java.lang.Thread.run(Thread.java:1474)
00:20:36.609 INFO  vert.x-eventloop-thread-0 BaseServiceProxy     : -> GET /sso/ping,200|361ms
00:20:36.611 INFO  vert.x-eventloop-thread-0 SsoService           : sso ping {"result": "true"}
00:25:36.689 INFO  vert.x-eventloop-thread-0 BaseServiceProxy     : -> GET /sso/ping,200|441ms
00:25:36.691 INFO  vert.x-eventloop-thread-0 SsoService           : sso ping {"result": "true"}
00:30:36.588 INFO  vert.x-eventloop-thread-0 BaseServiceProxy     : -> GET /sso/ping,200|342ms
00:30:36.595 INFO  vert.x-eventloop-thread-0 SsoService           : sso ping {"result": "true"}
00:35:36.537 INFO  vert.x-eventloop-thread-0 BaseServiceProxy     : -> GET /sso/ping,200|293ms
00:35:36.539 INFO  vert.x-eventloop-thread-0 SsoService           : sso ping {"result": "true"}
00:40:36.635 INFO  vert.x-eventloop-thread-0 BaseServiceProxy     : -> GET /sso/ping,200|387ms
00:40:36.636 INFO  vert.x-eventloop-thread-0 SsoService           : sso ping {"result": "true"}
00:45:36.651 INFO  vert.x-eventloop-thread-0 BaseServiceProxy     : -> GET /sso/ping,200|408ms
00:45:36.653 INFO  vert.x-eventloop-thread-0 SsoService           : sso ping {"result": "true"}
00:50:36.532 INFO  vert.x-eventloop-thread-0 BaseServiceProxy     : -> GET /sso/ping,200|293ms
00:50:36.534 INFO  vert.x-eventloop-thread-0 SsoService           : sso ping {"result": "true"}
00:55:36.550 INFO  vert.x-eventloop-thread-0 BaseServiceProxy     : -> GET /sso/ping,200|307ms
00:55:36.552 INFO  vert.x-eventloop-thread-0 SsoService           : sso ping {"result": "true"}
01:00:36.551 INFO  vert.x-eventloop-thread-0 BaseServiceProxy     : -> GET /sso/ping,200|313ms
01:00:36.554 INFO  vert.x-eventloop-thread-0 SsoService           : sso ping {"result": "true"}
01:05:36.529 INFO  vert.x-eventloop-thread-0 BaseServiceProxy     : -> GET /sso/ping,200|297ms
01:05:36.531 INFO  vert.x-eventloop-thread-0 SsoService           : sso ping {"result": "true"}
01:10:36.537 INFO  vert.x-eventloop-thread-0 BaseServiceProxy     : -> GET /sso/ping,200|305ms
01:10:36.539 INFO  vert.x-eventloop-thread-0 SsoService           : sso ping {"result": "true"}
01:15:36.522 INFO  vert.x-eventloop-thread-0 BaseServiceProxy     : -> GET /sso/ping,200|291ms
01:15:36.523 INFO  vert.x-eventloop-thread-0 SsoService           : sso ping {"result": "true"}
01:20:36.527 INFO  vert.x-eventloop-thread-0 BaseServiceProxy     : -> GET /sso/ping,200|302ms
01:20:36.528 INFO  vert.x-eventloop-thread-0 SsoService           : sso ping {"result": "true"}
01:25:36.504 INFO  vert.x-eventloop-thread-0 BaseServiceProxy     : -> GET /sso/ping,200|281ms
01:25:36.507 INFO  vert.x-eventloop-thread-0 SsoService           : sso ping {"result": "true"}
01:30:36.679 INFO  vert.x-eventloop-thread-0 BaseServiceProxy     : -> GET /sso/ping,200|457ms
01:30:36.680 INFO  vert.x-eventloop-thread-0 SsoService           : sso ping {"result": "true"}
01:35:36.528 INFO  vert.x-eventloop-thread-0 BaseServiceProxy     : -> GET /sso/ping,200|304ms
01:35:36.530 INFO  vert.x-eventloop-thread-0 SsoService           : sso ping {"result": "true"}
01:40:36.536 INFO  vert.x-eventloop-thread-0 BaseServiceProxy     : -> GET /sso/ping,200|311ms
01:40:36.543 INFO  vert.x-eventloop-thread-0 SsoService           : sso ping {"result": "true"}
01:45:36.572 INFO  vert.x-eventloop-thread-0 BaseServiceProxy     : -> GET /sso/ping,200|350ms
01:45:36.577 INFO  vert.x-eventloop-thread-0 SsoService           : sso ping {"result": "true"}
01:50:36.561 INFO  vert.x-eventloop-thread-0 BaseServiceProxy     : -> GET /sso/ping,200|339ms
01:50:36.564 INFO  vert.x-eventloop-thread-0 SsoService           : sso ping {"result": "true"}
01:55:36.515 INFO  vert.x-eventloop-thread-0 BaseServiceProxy     : -> GET /sso/ping,200|295ms
01:55:36.516 INFO  vert.x-eventloop-thread-0 SsoService           : sso ping {"result": "true"}
02:00:36.510 INFO  vert.x-eventloop-thread-0 BaseServiceProxy     : -> GET /sso/ping,200|289ms
02:00:36.512 INFO  vert.x-eventloop-thread-0 SsoService           : sso ping {"result": "true"}
02:05:36.510 INFO  vert.x-eventloop-thread-0 BaseServiceProxy     : -> GET /sso/ping,200|291ms
02:05:36.512 INFO  vert.x-eventloop-thread-0 SsoService           : sso ping {"result": "true"}
02:10:36.522 INFO  vert.x-eventloop-thread-0 BaseServiceProxy     : -> GET /sso/ping,200|296ms
02:10:36.523 INFO  vert.x-eventloop-thread-0 SsoService           : sso ping {"result": "true"}
02:15:36.516 INFO  vert.x-eventloop-thread-0 BaseServiceProxy     : -> GET /sso/ping,200|293ms
02:15:36.518 INFO  vert.x-eventloop-thread-0 SsoService           : sso ping {"result": "true"}
02:20:36.690 INFO  vert.x-eventloop-thread-0 BaseServiceProxy     : -> GET /sso/ping,200|467ms
02:20:36.692 INFO  vert.x-eventloop-thread-0 SsoService           : sso ping {"result": "true"}
03:16:42.811 ERROR vert.x-eventloop-thread-0 ConnectionBase       : java.net.SocketException: Connection reset
04:57:29.278 ERROR vert.x-eventloop-thread-0 ConnectionBase       : java.net.SocketException: Connection reset
04:57:29.297 ERROR vert.x-eventloop-thread-0 BaseServiceProxy     : request failed Connection reset
java.net.SocketException: Connection reset
	at java.base/sun.nio.ch.SocketChannelImpl.throwConnectionReset(SocketChannelImpl.java:399)
	at java.base/sun.nio.ch.SocketChannelImpl.implRead(SocketChannelImpl.java:431)
	at java.base/sun.nio.ch.SocketChannelImpl.read(SocketChannelImpl.java:489)
	at io.netty.buffer.PooledUnsafeDirectByteBuf.setBytes(PooledUnsafeDirectByteBuf.java:288)
	at io.netty.buffer.AbstractByteBuf.writeBytes(AbstractByteBuf.java:1106)
	at io.netty.channel.socket.nio.NioSocketChannel.doReadBytes(NioSocketChannel.java:373)
	at io.netty.channel.nio.AbstractNioByteChannel$NioByteUnsafe.read(AbstractNioByteChannel.java:123)
	at io.netty.channel.nio.NioEventLoop.processSelectedKey(NioEventLoop.java:645)
	at io.netty.channel.nio.NioEventLoop.processSelectedKeysPlain(NioEventLoop.java:545)
	at io.netty.channel.nio.NioEventLoop.processSelectedKeys(NioEventLoop.java:499)
	at io.netty.channel.nio.NioEventLoop.run(NioEventLoop.java:459)
	at io.netty.util.concurrent.SingleThreadEventExecutor$5.run(SingleThreadEventExecutor.java:858)
	at java.base/java.lang.Thread.run(Thread.java:1474)
10:35:50.477 INFO  vert.x-eventloop-thread-0 BaseServiceProxy     : -> GET /sso/ping,200|413ms
10:35:50.490 INFO  vert.x-eventloop-thread-0 SsoService           : sso ping {"result": "false"}
10:46:47.486 INFO  vert.x-eventloop-thread-0 BaseServiceProxy     : -> GET /sso/ping,200|472ms
10:46:47.494 INFO  vert.x-eventloop-thread-0 SsoService           : sso ping {"result": "true"}
10:51:47.316 INFO  vert.x-eventloop-thread-0 BaseServiceProxy     : -> GET /sso/ping,200|306ms
10:51:47.318 INFO  vert.x-eventloop-thread-0 SsoService           : sso ping {"result": "true"}
10:56:47.313 INFO  vert.x-eventloop-thread-0 BaseServiceProxy     : -> GET /sso/ping,200|304ms
10:56:47.315 INFO  vert.x-eventloop-thread-0 SsoService           : sso ping {"result": "true"}
11:01:47.415 INFO  vert.x-eventloop-thread-0 BaseServiceProxy     : -> GET /sso/ping,200|407ms
11:01:47.417 INFO  vert.x-eventloop-thread-0 SsoService           : sso ping {"result": "true"}
11:06:47.309 INFO  vert.x-eventloop-thread-0 BaseServiceProxy     : -> GET /sso/ping,200|301ms
11:06:47.311 INFO  vert.x-eventloop-thread-0 SsoService           : sso ping {"result": "true"}
11:20:28.275 ERROR vert.x-eventloop-thread-0 ConnectionBase       : java.net.SocketException: Connection reset
11:22:03.289 INFO  vert.x-eventloop-thread-0 BaseServiceProxy     : -> GET /sso/ping,200|476ms
11:22:03.291 INFO  vert.x-eventloop-thread-0 SsoService           : sso ping {"result": "true"}
11:27:03.605 INFO  vert.x-eventloop-thread-0 BaseServiceProxy     : -> GET /sso/ping,200|794ms
11:27:03.607 INFO  vert.x-eventloop-thread-0 SsoService           : sso ping {"result": "true"}
11:32:03.108 INFO  vert.x-eventloop-thread-0 BaseServiceProxy     : -> GET /sso/ping,200|299ms
11:32:03.110 INFO  vert.x-eventloop-thread-0 SsoService           : sso ping {"result": "true"}
11:37:03.122 INFO  vert.x-eventloop-thread-0 BaseServiceProxy     : -> GET /sso/ping,200|312ms
11:37:03.124 INFO  vert.x-eventloop-thread-0 SsoService           : sso ping {"result": "true"}
11:42:03.123 INFO  vert.x-eventloop-thread-0 BaseServiceProxy     : -> GET /sso/ping,200|314ms
11:42:03.125 INFO  vert.x-eventloop-thread-0 SsoService           : sso ping {"result": "true"}
11:58:45.544 ERROR vert.x-eventloop-thread-0 ConnectionBase       : java.net.SocketException: Connection reset
12:16:41.508 INFO  vert.x-eventloop-thread-0 BaseServiceProxy     : -> GET /sso/ping,200|372ms
12:16:41.510 INFO  vert.x-eventloop-thread-0 SsoService           : sso ping {"result": "true"}
12:21:41.453 INFO  vert.x-eventloop-thread-0 BaseServiceProxy     : -> GET /sso/ping,200|317ms
12:21:41.455 INFO  vert.x-eventloop-thread-0 SsoService           : sso ping {"result": "true"}
12:26:41.430 INFO  vert.x-eventloop-thread-0 BaseServiceProxy     : -> GET /sso/ping,200|296ms
12:26:41.433 INFO  vert.x-eventloop-thread-0 SsoService           : sso ping {"result": "true"}
12:31:41.458 INFO  vert.x-eventloop-thread-0 BaseServiceProxy     : -> GET /sso/ping,200|313ms
12:31:41.464 INFO  vert.x-eventloop-thread-0 SsoService           : sso ping {"result": "true"}
12:36:41.429 INFO  vert.x-eventloop-thread-0 BaseServiceProxy     : -> GET /sso/ping,200|294ms
12:36:41.431 INFO  vert.x-eventloop-thread-0 SsoService           : sso ping {"result": "true"}
12:41:41.428 INFO  vert.x-eventloop-thread-0 BaseServiceProxy     : -> GET /sso/ping,200|293ms
12:41:41.430 INFO  vert.x-eventloop-thread-0 SsoService           : sso ping {"result": "true"}
12:46:41.437 INFO  vert.x-eventloop-thread-0 BaseServiceProxy     : -> GET /sso/ping,200|299ms
12:46:41.440 INFO  vert.x-eventloop-thread-0 SsoService           : sso ping {"result": "true"}
12:51:41.430 INFO  vert.x-eventloop-thread-0 BaseServiceProxy     : -> GET /sso/ping,200|291ms
12:51:41.432 INFO  vert.x-eventloop-thread-0 SsoService           : sso ping {"result": "true"}
12:56:41.433 INFO  vert.x-eventloop-thread-0 BaseServiceProxy     : -> GET /sso/ping,200|295ms
12:56:41.437 INFO  vert.x-eventloop-thread-0 SsoService           : sso ping {"result": "true"}
13:01:41.438 INFO  vert.x-eventloop-thread-0 BaseServiceProxy     : -> GET /sso/ping,200|300ms
13:01:41.440 INFO  vert.x-eventloop-thread-0 SsoService           : sso ping {"result": "true"}
13:19:27.880 ERROR vert.x-eventloop-thread-0 ConnectionBase       : java.io.IOException: Can't assign requested address
13:19:27.901 ERROR vert.x-eventloop-thread-0 BaseServiceProxy     : request failed Can't assign requested address
java.io.IOException: Can't assign requested address
	at java.base/sun.nio.ch.SocketDispatcher.read0(Native Method)
	at java.base/sun.nio.ch.SocketDispatcher.read(SocketDispatcher.java:48)
	at java.base/sun.nio.ch.IOUtil.readIntoNativeBuffer(IOUtil.java:341)
	at java.base/sun.nio.ch.IOUtil.read(IOUtil.java:295)
	at java.base/sun.nio.ch.IOUtil.read(IOUtil.java:270)
	at java.base/sun.nio.ch.SocketChannelImpl.implRead(SocketChannelImpl.java:422)
	at java.base/sun.nio.ch.SocketChannelImpl.read(SocketChannelImpl.java:489)
	at io.netty.buffer.PooledUnsafeDirectByteBuf.setBytes(PooledUnsafeDirectByteBuf.java:288)
	at io.netty.buffer.AbstractByteBuf.writeBytes(AbstractByteBuf.java:1106)
	at io.netty.channel.socket.nio.NioSocketChannel.doReadBytes(NioSocketChannel.java:373)
	at io.netty.channel.nio.AbstractNioByteChannel$NioByteUnsafe.read(AbstractNioByteChannel.java:123)
	at io.netty.channel.nio.NioEventLoop.processSelectedKey(NioEventLoop.java:645)
	at io.netty.channel.nio.NioEventLoop.processSelectedKeysPlain(NioEventLoop.java:545)
	at io.netty.channel.nio.NioEventLoop.processSelectedKeys(NioEventLoop.java:499)
	at io.netty.channel.nio.NioEventLoop.run(NioEventLoop.java:459)
	at io.netty.util.concurrent.SingleThreadEventExecutor$5.run(SingleThreadEventExecutor.java:858)
	at java.base/java.lang.Thread.run(Thread.java:1474)
13:24:10.113 INFO  vert.x-eventloop-thread-0 BaseServiceProxy     : -> GET /sso/ping,200|385ms
13:24:10.114 INFO  vert.x-eventloop-thread-0 SsoService           : sso ping {"result": "true"}
13:29:10.032 INFO  vert.x-eventloop-thread-0 BaseServiceProxy     : -> GET /sso/ping,200|303ms
13:29:10.035 INFO  vert.x-eventloop-thread-0 SsoService           : sso ping {"result": "true"}
13:34:10.044 INFO  vert.x-eventloop-thread-0 BaseServiceProxy     : -> GET /sso/ping,200|317ms
13:34:10.046 INFO  vert.x-eventloop-thread-0 SsoService           : sso ping {"result": "true"}
13:39:10.017 INFO  vert.x-eventloop-thread-0 BaseServiceProxy     : -> GET /sso/ping,200|290ms
13:39:10.019 INFO  vert.x-eventloop-thread-0 SsoService           : sso ping {"result": "true"}
13:44:10.015 INFO  vert.x-eventloop-thread-0 BaseServiceProxy     : -> GET /sso/ping,200|287ms
13:44:10.019 INFO  vert.x-eventloop-thread-0 SsoService           : sso ping {"result": "true"}
13:49:10.027 INFO  vert.x-eventloop-thread-0 BaseServiceProxy     : -> GET /sso/ping,200|301ms
13:49:10.030 INFO  vert.x-eventloop-thread-0 SsoService           : sso ping {"result": "true"}
13:54:10.036 INFO  vert.x-eventloop-thread-0 BaseServiceProxy     : -> GET /sso/ping,200|311ms
13:54:10.038 INFO  vert.x-eventloop-thread-0 SsoService           : sso ping {"result": "true"}
13:59:10.504 INFO  vert.x-eventloop-thread-0 BaseServiceProxy     : -> GET /sso/ping,200|779ms
13:59:10.506 INFO  vert.x-eventloop-thread-0 SsoService           : sso ping {"result": "true"}
14:04:10.097 INFO  vert.x-eventloop-thread-0 BaseServiceProxy     : -> GET /sso/ping,200|373ms
14:04:10.099 INFO  vert.x-eventloop-thread-0 SsoService           : sso ping {"result": "true"}
14:09:10.039 INFO  vert.x-eventloop-thread-0 BaseServiceProxy     : -> GET /sso/ping,200|314ms
14:09:10.041 INFO  vert.x-eventloop-thread-0 SsoService           : sso ping {"result": "true"}
14:14:10.061 INFO  vert.x-eventloop-thread-0 BaseServiceProxy     : -> GET /sso/ping,200|326ms
14:14:10.064 INFO  vert.x-eventloop-thread-0 SsoService           : sso ping {"result": "true"}
14:19:10.096 INFO  vert.x-eventloop-thread-0 BaseServiceProxy     : -> GET /sso/ping,200|365ms
14:19:10.099 INFO  vert.x-eventloop-thread-0 SsoService           : sso ping {"result": "true"}
14:24:10.024 INFO  vert.x-eventloop-thread-0 BaseServiceProxy     : -> GET /sso/ping,200|294ms
14:24:10.025 INFO  vert.x-eventloop-thread-0 SsoService           : sso ping {"result": "true"}
14:29:10.049 INFO  vert.x-eventloop-thread-0 BaseServiceProxy     : -> GET /sso/ping,200|319ms
14:29:10.052 INFO  vert.x-eventloop-thread-0 SsoService           : sso ping {"result": "true"}
14:34:10.018 INFO  vert.x-eventloop-thread-0 BaseServiceProxy     : -> GET /sso/ping,200|286ms
14:34:10.020 INFO  vert.x-eventloop-thread-0 SsoService           : sso ping {"result": "true"}
14:39:10.063 INFO  vert.x-eventloop-thread-0 BaseServiceProxy     : -> GET /sso/ping,200|327ms
14:39:10.073 INFO  vert.x-eventloop-thread-0 SsoService           : sso ping {"result": "true"}
14:44:10.034 INFO  vert.x-eventloop-thread-0 BaseServiceProxy     : -> GET /sso/ping,200|298ms
14:44:10.036 INFO  vert.x-eventloop-thread-0 SsoService           : sso ping {"result": "true"}
14:49:10.138 INFO  vert.x-eventloop-thread-0 BaseServiceProxy     : -> GET /sso/ping,200|395ms
14:49:10.143 INFO  vert.x-eventloop-thread-0 SsoService           : sso ping {"result": "true"}
14:54:10.064 INFO  vert.x-eventloop-thread-0 BaseServiceProxy     : -> GET /sso/ping,200|324ms
14:54:10.065 INFO  vert.x-eventloop-thread-0 SsoService           : sso ping {"result": "true"}
14:59:10.036 INFO  vert.x-eventloop-thread-0 BaseServiceProxy     : -> GET /sso/ping,200|295ms
14:59:10.037 INFO  vert.x-eventloop-thread-0 SsoService           : sso ping {"result": "true"}
15:04:10.100 INFO  vert.x-eventloop-thread-0 BaseServiceProxy     : -> GET /sso/ping,200|357ms
15:04:10.104 INFO  vert.x-eventloop-thread-0 SsoService           : sso ping {"result": "true"}
15:09:10.119 INFO  vert.x-eventloop-thread-0 BaseServiceProxy     : -> GET /sso/ping,200|375ms
15:09:10.120 INFO  vert.x-eventloop-thread-0 SsoService           : sso ping {"result": "true"}
15:14:10.064 INFO  vert.x-eventloop-thread-0 BaseServiceProxy     : -> GET /sso/ping,200|321ms
15:14:10.066 INFO  vert.x-eventloop-thread-0 SsoService           : sso ping {"result": "true"}
15:19:10.037 INFO  vert.x-eventloop-thread-0 BaseServiceProxy     : -> GET /sso/ping,200|292ms
15:19:10.039 INFO  vert.x-eventloop-thread-0 SsoService           : sso ping {"result": "true"}
15:24:10.034 INFO  vert.x-eventloop-thread-0 BaseServiceProxy     : -> GET /sso/ping,200|288ms
15:24:10.037 INFO  vert.x-eventloop-thread-0 SsoService           : sso ping {"result": "true"}
15:29:10.026 INFO  vert.x-eventloop-thread-0 BaseServiceProxy     : -> GET /sso/ping,200|281ms
15:29:10.028 INFO  vert.x-eventloop-thread-0 SsoService           : sso ping {"result": "true"}
15:34:10.175 INFO  vert.x-eventloop-thread-0 BaseServiceProxy     : -> GET /sso/ping,200|424ms
15:34:10.177 INFO  vert.x-eventloop-thread-0 SsoService           : sso ping {"result": "true"}
15:39:10.071 INFO  vert.x-eventloop-thread-0 BaseServiceProxy     : -> GET /sso/ping,200|319ms
15:39:10.078 INFO  vert.x-eventloop-thread-0 SsoService           : sso ping {"result": "true"}
15:44:10.051 INFO  vert.x-eventloop-thread-0 BaseServiceProxy     : -> GET /sso/ping,200|299ms
15:44:10.053 INFO  vert.x-eventloop-thread-0 SsoService           : sso ping {"result": "true"}
15:49:10.050 INFO  vert.x-eventloop-thread-0 BaseServiceProxy     : -> GET /sso/ping,200|290ms
15:49:10.052 INFO  vert.x-eventloop-thread-0 SsoService           : sso ping {"result": "true"}
15:54:10.040 INFO  vert.x-eventloop-thread-0 BaseServiceProxy     : -> GET /sso/ping,200|283ms
15:54:10.042 INFO  vert.x-eventloop-thread-0 SsoService           : sso ping {"result": "true"}
15:59:10.096 INFO  vert.x-eventloop-thread-0 BaseServiceProxy     : -> GET /sso/ping,200|333ms
15:59:10.102 INFO  vert.x-eventloop-thread-0 SsoService           : sso ping {"result": "true"}
16:04:10.190 INFO  vert.x-eventloop-thread-0 BaseServiceProxy     : -> GET /sso/ping,200|424ms
16:04:10.197 INFO  vert.x-eventloop-thread-0 SsoService           : sso ping {"result": "true"}
16:09:10.070 INFO  vert.x-eventloop-thread-0 BaseServiceProxy     : -> GET /sso/ping,200|315ms
16:09:10.072 INFO  vert.x-eventloop-thread-0 SsoService           : sso ping {"result": "true"}
16:14:10.124 INFO  vert.x-eventloop-thread-0 BaseServiceProxy     : -> GET /sso/ping,200|369ms
16:14:10.126 INFO  vert.x-eventloop-thread-0 SsoService           : sso ping {"result": "true"}
16:19:10.059 INFO  vert.x-eventloop-thread-0 BaseServiceProxy     : -> GET /sso/ping,200|303ms
16:19:10.061 INFO  vert.x-eventloop-thread-0 SsoService           : sso ping {"result": "true"}
16:24:10.097 INFO  vert.x-eventloop-thread-0 BaseServiceProxy     : -> GET /sso/ping,200|340ms
16:24:10.100 INFO  vert.x-eventloop-thread-0 SsoService           : sso ping {"result": "true"}
16:29:10.050 INFO  vert.x-eventloop-thread-0 BaseServiceProxy     : -> GET /sso/ping,200|293ms
16:29:10.052 INFO  vert.x-eventloop-thread-0 SsoService           : sso ping {"result": "true"}
16:34:10.214 INFO  vert.x-eventloop-thread-0 BaseServiceProxy     : -> GET /sso/ping,200|457ms
16:34:10.216 INFO  vert.x-eventloop-thread-0 SsoService           : sso ping {"result": "true"}
16:39:10.128 INFO  vert.x-eventloop-thread-0 BaseServiceProxy     : -> GET /sso/ping,200|370ms
16:39:10.130 INFO  vert.x-eventloop-thread-0 SsoService           : sso ping {"result": "true"}
16:44:10.044 INFO  vert.x-eventloop-thread-0 BaseServiceProxy     : -> GET /sso/ping,200|286ms
16:44:10.045 INFO  vert.x-eventloop-thread-0 SsoService           : sso ping {"result": "true"}
16:49:10.065 INFO  vert.x-eventloop-thread-0 BaseServiceProxy     : -> GET /sso/ping,200|302ms
16:49:10.073 INFO  vert.x-eventloop-thread-0 SsoService           : sso ping {"result": "true"}
16:54:10.049 INFO  vert.x-eventloop-thread-0 BaseServiceProxy     : -> GET /sso/ping,200|290ms
16:54:10.051 INFO  vert.x-eventloop-thread-0 SsoService           : sso ping {"result": "true"}
16:59:10.102 INFO  vert.x-eventloop-thread-0 BaseServiceProxy     : -> GET /sso/ping,200|339ms
16:59:10.105 INFO  vert.x-eventloop-thread-0 SsoService           : sso ping {"result": "true"}
17:04:10.065 INFO  vert.x-eventloop-thread-0 BaseServiceProxy     : -> GET /sso/ping,200|302ms
17:04:10.070 INFO  vert.x-eventloop-thread-0 SsoService           : sso ping {"result": "true"}
17:09:10.057 INFO  vert.x-eventloop-thread-0 BaseServiceProxy     : -> GET /sso/ping,200|293ms
17:09:10.059 INFO  vert.x-eventloop-thread-0 SsoService           : sso ping {"result": "true"}
17:14:10.109 INFO  vert.x-eventloop-thread-0 BaseServiceProxy     : -> GET /sso/ping,200|350ms
17:14:10.111 INFO  vert.x-eventloop-thread-0 SsoService           : sso ping {"result": "true"}
17:19:10.067 INFO  vert.x-eventloop-thread-0 BaseServiceProxy     : -> GET /sso/ping,200|307ms
17:19:10.069 INFO  vert.x-eventloop-thread-0 SsoService           : sso ping {"result": "true"}
17:24:10.105 INFO  vert.x-eventloop-thread-0 BaseServiceProxy     : -> GET /sso/ping,200|344ms
17:24:10.106 INFO  vert.x-eventloop-thread-0 SsoService           : sso ping {"result": "true"}
17:29:10.048 INFO  vert.x-eventloop-thread-0 BaseServiceProxy     : -> GET /sso/ping,200|290ms
17:29:10.051 INFO  vert.x-eventloop-thread-0 SsoService           : sso ping {"result": "true"}
17:34:10.052 INFO  vert.x-eventloop-thread-0 BaseServiceProxy     : -> GET /sso/ping,200|291ms
17:34:10.056 INFO  vert.x-eventloop-thread-0 SsoService           : sso ping {"result": "true"}
17:39:10.137 INFO  vert.x-eventloop-thread-0 BaseServiceProxy     : -> GET /sso/ping,200|377ms
17:39:10.140 INFO  vert.x-eventloop-thread-0 SsoService           : sso ping {"result": "true"}
17:44:10.081 INFO  vert.x-eventloop-thread-0 BaseServiceProxy     : -> GET /sso/ping,200|317ms
17:44:10.082 INFO  vert.x-eventloop-thread-0 SsoService           : sso ping {"result": "true"}
17:49:10.049 INFO  vert.x-eventloop-thread-0 BaseServiceProxy     : -> GET /sso/ping,200|286ms
17:49:10.050 INFO  vert.x-eventloop-thread-0 SsoService           : sso ping {"result": "true"}
17:54:10.086 INFO  vert.x-eventloop-thread-0 BaseServiceProxy     : -> GET /sso/ping,200|316ms
17:54:10.142 INFO  vert.x-eventloop-thread-0 SsoService           : sso ping {"result": "false"}
17:59:10.159 INFO  vert.x-eventloop-thread-0 BaseServiceProxy     : -> GET /sso/ping,200|390ms
17:59:10.164 INFO  vert.x-eventloop-thread-0 SsoService           : sso ping {"result": "false"}
18:04:10.064 INFO  vert.x-eventloop-thread-0 BaseServiceProxy     : -> GET /sso/ping,200|292ms
18:04:10.066 INFO  vert.x-eventloop-thread-0 SsoService           : sso ping {"result": "true"}
18:09:10.056 INFO  vert.x-eventloop-thread-0 BaseServiceProxy     : -> GET /sso/ping,200|284ms
18:09:10.060 INFO  vert.x-eventloop-thread-0 SsoService           : sso ping {"result": "true"}
18:14:10.068 INFO  vert.x-eventloop-thread-0 BaseServiceProxy     : -> GET /sso/ping,200|295ms
18:14:10.069 INFO  vert.x-eventloop-thread-0 SsoService           : sso ping {"result": "true"}
18:19:10.089 INFO  vert.x-eventloop-thread-0 BaseServiceProxy     : -> GET /sso/ping,200|321ms
18:19:10.091 INFO  vert.x-eventloop-thread-0 SsoService           : sso ping {"result": "true"}
18:24:10.043 INFO  vert.x-eventloop-thread-0 BaseServiceProxy     : -> GET /sso/ping,200|286ms
18:24:10.045 INFO  vert.x-eventloop-thread-0 SsoService           : sso ping {"result": "true"}
18:29:10.077 INFO  vert.x-eventloop-thread-0 BaseServiceProxy     : -> GET /sso/ping,200|320ms
18:29:10.079 INFO  vert.x-eventloop-thread-0 SsoService           : sso ping {"result": "true"}
18:34:10.054 INFO  vert.x-eventloop-thread-0 BaseServiceProxy     : -> GET /sso/ping,200|299ms
18:34:10.056 INFO  vert.x-eventloop-thread-0 SsoService           : sso ping {"result": "true"}
18:39:10.061 INFO  vert.x-eventloop-thread-0 BaseServiceProxy     : -> GET /sso/ping,200|295ms
18:39:10.064 INFO  vert.x-eventloop-thread-0 SsoService           : sso ping {"result": "true"}
18:44:10.058 INFO  vert.x-eventloop-thread-0 BaseServiceProxy     : -> GET /sso/ping,200|291ms
18:44:10.061 INFO  vert.x-eventloop-thread-0 SsoService           : sso ping {"result": "true"}
18:49:10.111 INFO  vert.x-eventloop-thread-0 BaseServiceProxy     : -> GET /sso/ping,200|343ms
18:49:10.113 INFO  vert.x-eventloop-thread-0 SsoService           : sso ping {"result": "true"}
18:54:10.099 INFO  vert.x-eventloop-thread-0 BaseServiceProxy     : -> GET /sso/ping,200|322ms
18:54:10.102 INFO  vert.x-eventloop-thread-0 SsoService           : sso ping {"result": "true"}
18:59:10.169 INFO  vert.x-eventloop-thread-0 BaseServiceProxy     : -> GET /sso/ping,200|391ms
18:59:10.177 INFO  vert.x-eventloop-thread-0 SsoService           : sso ping {"result": "true"}
19:04:10.063 INFO  vert.x-eventloop-thread-0 BaseServiceProxy     : -> GET /sso/ping,200|291ms
19:04:10.064 INFO  vert.x-eventloop-thread-0 SsoService           : sso ping {"result": "true"}
19:09:10.060 INFO  vert.x-eventloop-thread-0 BaseServiceProxy     : -> GET /sso/ping,200|289ms
19:09:10.062 INFO  vert.x-eventloop-thread-0 SsoService           : sso ping {"result": "true"}
19:14:10.067 INFO  vert.x-eventloop-thread-0 BaseServiceProxy     : -> GET /sso/ping,200|294ms
19:14:10.069 INFO  vert.x-eventloop-thread-0 SsoService           : sso ping {"result": "true"}
19:19:10.099 INFO  vert.x-eventloop-thread-0 BaseServiceProxy     : -> GET /sso/ping,200|316ms
19:19:10.106 INFO  vert.x-eventloop-thread-0 SsoService           : sso ping {"result": "true"}
19:24:10.071 INFO  vert.x-eventloop-thread-0 BaseServiceProxy     : -> GET /sso/ping,200|298ms
19:24:10.074 INFO  vert.x-eventloop-thread-0 SsoService           : sso ping {"result": "true"}
19:29:10.060 INFO  vert.x-eventloop-thread-0 BaseServiceProxy     : -> GET /sso/ping,200|290ms
19:29:10.062 INFO  vert.x-eventloop-thread-0 SsoService           : sso ping {"result": "true"}
19:34:10.092 INFO  vert.x-eventloop-thread-0 BaseServiceProxy     : -> GET /sso/ping,200|320ms
19:34:10.093 INFO  vert.x-eventloop-thread-0 SsoService           : sso ping {"result": "true"}
23:21:07.777 ERROR vert.x-eventloop-thread-0 ConnectionBase       : java.io.IOException: Can't assign requested address
23:21:07.813 ERROR vert.x-eventloop-thread-0 BaseServiceProxy     : request failed Can't assign requested address
java.io.IOException: Can't assign requested address
	at java.base/sun.nio.ch.SocketDispatcher.read0(Native Method)
	at java.base/sun.nio.ch.SocketDispatcher.read(SocketDispatcher.java:48)
	at java.base/sun.nio.ch.IOUtil.readIntoNativeBuffer(IOUtil.java:341)
	at java.base/sun.nio.ch.IOUtil.read(IOUtil.java:295)
	at java.base/sun.nio.ch.IOUtil.read(IOUtil.java:270)
	at java.base/sun.nio.ch.SocketChannelImpl.implRead(SocketChannelImpl.java:422)
	at java.base/sun.nio.ch.SocketChannelImpl.read(SocketChannelImpl.java:489)
	at io.netty.buffer.PooledUnsafeDirectByteBuf.setBytes(PooledUnsafeDirectByteBuf.java:288)
	at io.netty.buffer.AbstractByteBuf.writeBytes(AbstractByteBuf.java:1106)
	at io.netty.channel.socket.nio.NioSocketChannel.doReadBytes(NioSocketChannel.java:373)
	at io.netty.channel.nio.AbstractNioByteChannel$NioByteUnsafe.read(AbstractNioByteChannel.java:123)
	at io.netty.channel.nio.NioEventLoop.processSelectedKey(NioEventLoop.java:645)
	at io.netty.channel.nio.NioEventLoop.processSelectedKeysPlain(NioEventLoop.java:545)
	at io.netty.channel.nio.NioEventLoop.processSelectedKeys(NioEventLoop.java:499)
	at io.netty.channel.nio.NioEventLoop.run(NioEventLoop.java:459)
	at io.netty.util.concurrent.SingleThreadEventExecutor$5.run(SingleThreadEventExecutor.java:858)
	at java.base/java.lang.Thread.run(Thread.java:1474)
23:40:18.288 INFO  vert.x-eventloop-thread-0 BaseServiceProxy     : -> GET /sso/ping,200|491ms
23:40:18.295 INFO  vert.x-eventloop-thread-0 SsoService           : sso ping {"result": "false"}
23:53:26.229 ERROR vert.x-eventloop-thread-0 ConnectionBase       : java.net.SocketException: Connection reset
23:53:26.241 ERROR vert.x-eventloop-thread-0 BaseServiceProxy     : request failed Connection reset
java.net.SocketException: Connection reset
	at java.base/sun.nio.ch.SocketChannelImpl.throwConnectionReset(SocketChannelImpl.java:399)
	at java.base/sun.nio.ch.SocketChannelImpl.implRead(SocketChannelImpl.java:431)
	at java.base/sun.nio.ch.SocketChannelImpl.read(SocketChannelImpl.java:489)
	at io.netty.buffer.PooledUnsafeDirectByteBuf.setBytes(PooledUnsafeDirectByteBuf.java:288)
	at io.netty.buffer.AbstractByteBuf.writeBytes(AbstractByteBuf.java:1106)
	at io.netty.channel.socket.nio.NioSocketChannel.doReadBytes(NioSocketChannel.java:373)
	at io.netty.channel.nio.AbstractNioByteChannel$NioByteUnsafe.read(AbstractNioByteChannel.java:123)
	at io.netty.channel.nio.NioEventLoop.processSelectedKey(NioEventLoop.java:645)
	at io.netty.channel.nio.NioEventLoop.processSelectedKeysPlain(NioEventLoop.java:545)
	at io.netty.channel.nio.NioEventLoop.processSelectedKeys(NioEventLoop.java:499)
	at io.netty.channel.nio.NioEventLoop.run(NioEventLoop.java:459)
	at io.netty.util.concurrent.SingleThreadEventExecutor$5.run(SingleThreadEventExecutor.java:858)
	at java.base/java.lang.Thread.run(Thread.java:1474)
