04:46:08.014 INFO  vert.x-eventloop-thread-0 BaseServiceProxy     : -> GET /sso/ping,200|1057ms
04:46:08.017 INFO  vert.x-eventloop-thread-0 SsoService           : sso ping {"result": "false"}
09:52:57.280 ERROR vert.x-eventloop-thread-0 ConnectionBase       : java.io.IOException: Operation timed out
09:52:57.284 ERROR vert.x-eventloop-thread-0 BaseServiceProxy     : request failed Operation timed out
java.io.IOException: Operation timed out
	at java.base/sun.nio.ch.SocketDispatcher.read0(Native Method)
	at java.base/sun.nio.ch.SocketDispatcher.read(SocketDispatcher.java:48)
	at java.base/sun.nio.ch.IOUtil.readIntoNativeBuffer(IOUtil.java:341)
	at java.base/sun.nio.ch.IOUtil.read(IOUtil.java:295)
	at java.base/sun.nio.ch.IOUtil.read(IOUtil.java:270)
	at java.base/sun.nio.ch.SocketChannelImpl.implRead(SocketChannelImpl.java:422)
	at java.base/sun.nio.ch.SocketChannelImpl.read(SocketChannelImpl.java:489)
	at io.netty.buffer.PooledUnsafeDirectByteBuf.setBytes(PooledUnsafeDirectByteBuf.java:288)
	at io.netty.buffer.AbstractByteBuf.writeBytes(AbstractByteBuf.java:1106)
	at io.netty.channel.socket.nio.NioSocketChannel.doReadBytes(NioSocketChannel.java:373)
	at io.netty.channel.nio.AbstractNioByteChannel$NioByteUnsafe.read(AbstractNioByteChannel.java:123)
	at io.netty.channel.nio.NioEventLoop.processSelectedKey(NioEventLoop.java:645)
	at io.netty.channel.nio.NioEventLoop.processSelectedKeysPlain(NioEventLoop.java:545)
	at io.netty.channel.nio.NioEventLoop.processSelectedKeys(NioEventLoop.java:499)
	at io.netty.channel.nio.NioEventLoop.run(NioEventLoop.java:459)
	at io.netty.util.concurrent.SingleThreadEventExecutor$5.run(SingleThreadEventExecutor.java:858)
	at java.base/java.lang.Thread.run(Thread.java:1474)
12:59:49.373 INFO  vert.x-eventloop-thread-0 BaseServiceProxy     : -> GET /sso/ping,200|802ms
12:59:49.384 INFO  vert.x-eventloop-thread-0 SsoService           : sso ping {"result": "false"}
13:04:48.844 INFO  vert.x-eventloop-thread-0 BaseServiceProxy     : -> GET /sso/ping,200|274ms
13:04:48.846 INFO  vert.x-eventloop-thread-0 SsoService           : sso ping {"result": "true"}
13:09:48.915 INFO  vert.x-eventloop-thread-0 BaseServiceProxy     : -> GET /sso/ping,200|346ms
13:09:48.922 INFO  vert.x-eventloop-thread-0 SsoService           : sso ping {"result": "true"}
13:14:48.927 INFO  vert.x-eventloop-thread-0 BaseServiceProxy     : -> GET /sso/ping,200|358ms
13:14:48.930 INFO  vert.x-eventloop-thread-0 SsoService           : sso ping {"result": "true"}
13:19:48.945 INFO  vert.x-eventloop-thread-0 BaseServiceProxy     : -> GET /sso/ping,200|377ms
13:19:48.947 INFO  vert.x-eventloop-thread-0 SsoService           : sso ping {"result": "true"}
13:24:48.930 INFO  vert.x-eventloop-thread-0 BaseServiceProxy     : -> GET /sso/ping,200|362ms
13:24:48.933 INFO  vert.x-eventloop-thread-0 SsoService           : sso ping {"result": "true"}
18:17:18.871 ERROR vert.x-eventloop-thread-0 ConnectionBase       : java.io.IOException: Can't assign requested address
18:17:18.877 ERROR vert.x-eventloop-thread-0 BaseServiceProxy     : request failed Can't assign requested address
java.io.IOException: Can't assign requested address
	at java.base/sun.nio.ch.SocketDispatcher.read0(Native Method)
	at java.base/sun.nio.ch.SocketDispatcher.read(SocketDispatcher.java:48)
	at java.base/sun.nio.ch.IOUtil.readIntoNativeBuffer(IOUtil.java:341)
	at java.base/sun.nio.ch.IOUtil.read(IOUtil.java:295)
	at java.base/sun.nio.ch.IOUtil.read(IOUtil.java:270)
	at java.base/sun.nio.ch.SocketChannelImpl.implRead(SocketChannelImpl.java:422)
	at java.base/sun.nio.ch.SocketChannelImpl.read(SocketChannelImpl.java:489)
	at io.netty.buffer.PooledUnsafeDirectByteBuf.setBytes(PooledUnsafeDirectByteBuf.java:288)
	at io.netty.buffer.AbstractByteBuf.writeBytes(AbstractByteBuf.java:1106)
	at io.netty.channel.socket.nio.NioSocketChannel.doReadBytes(NioSocketChannel.java:373)
	at io.netty.channel.nio.AbstractNioByteChannel$NioByteUnsafe.read(AbstractNioByteChannel.java:123)
	at io.netty.channel.nio.NioEventLoop.processSelectedKey(NioEventLoop.java:645)
	at io.netty.channel.nio.NioEventLoop.processSelectedKeysPlain(NioEventLoop.java:545)
	at io.netty.channel.nio.NioEventLoop.processSelectedKeys(NioEventLoop.java:499)
	at io.netty.channel.nio.NioEventLoop.run(NioEventLoop.java:459)
	at io.netty.util.concurrent.SingleThreadEventExecutor$5.run(SingleThreadEventExecutor.java:858)
	at java.base/java.lang.Thread.run(Thread.java:1474)
20:31:18.156 INFO  vert.x-eventloop-thread-0 BaseServiceProxy     : -> GET /sso/ping,200|942ms
20:31:18.157 INFO  vert.x-eventloop-thread-0 SsoService           : sso ping {"result": "false"}
23:54:38.367 ERROR vert.x-eventloop-thread-0 ConnectionBase       : java.io.IOException: Operation timed out
23:54:38.372 ERROR vert.x-eventloop-thread-0 BaseServiceProxy     : request failed Operation timed out
java.io.IOException: Operation timed out
	at java.base/sun.nio.ch.SocketDispatcher.read0(Native Method)
	at java.base/sun.nio.ch.SocketDispatcher.read(SocketDispatcher.java:48)
	at java.base/sun.nio.ch.IOUtil.readIntoNativeBuffer(IOUtil.java:341)
	at java.base/sun.nio.ch.IOUtil.read(IOUtil.java:295)
	at java.base/sun.nio.ch.IOUtil.read(IOUtil.java:270)
	at java.base/sun.nio.ch.SocketChannelImpl.implRead(SocketChannelImpl.java:422)
	at java.base/sun.nio.ch.SocketChannelImpl.read(SocketChannelImpl.java:489)
	at io.netty.buffer.PooledUnsafeDirectByteBuf.setBytes(PooledUnsafeDirectByteBuf.java:288)
	at io.netty.buffer.AbstractByteBuf.writeBytes(AbstractByteBuf.java:1106)
	at io.netty.channel.socket.nio.NioSocketChannel.doReadBytes(NioSocketChannel.java:373)
	at io.netty.channel.nio.AbstractNioByteChannel$NioByteUnsafe.read(AbstractNioByteChannel.java:123)
	at io.netty.channel.nio.NioEventLoop.processSelectedKey(NioEventLoop.java:645)
	at io.netty.channel.nio.NioEventLoop.processSelectedKeysPlain(NioEventLoop.java:545)
	at io.netty.channel.nio.NioEventLoop.processSelectedKeys(NioEventLoop.java:499)
	at io.netty.channel.nio.NioEventLoop.run(NioEventLoop.java:459)
	at io.netty.util.concurrent.SingleThreadEventExecutor$5.run(SingleThreadEventExecutor.java:858)
	at java.base/java.lang.Thread.run(Thread.java:1474)
